-------------------------------------------------------------------------------
Test set: junitmockitowhenthenreturn.EmployeeTest
-------------------------------------------------------------------------------
Tests run: 2, Failures: 0, Errors: 1, Skipped: 0, Time elapsed: 0.07 sec <<< FAILURE!
unnecessary Mockito stubbings(junitmockitowhenthenreturn.EmployeeTest)  Time elapsed: 0.015 sec  <<< ERROR!
org.mockito.exceptions.misusing.UnnecessaryStubbingException: 
Unnecessary stubbings detected in test class: EmployeeTest
Clean & maintainable test code requires zero unnecessary code.
Following stubbings are unnecessary (click to navigate to relevant line of code):
  1. -> at junitmockitowhenthenreturn.EmployeeTest.init(EmployeeTest.java:36)
  2. -> at junitmockitowhenthenreturn.EmployeeTest.init(EmployeeTest.java:38)
  3. -> at junitmockitowhenthenreturn.EmployeeTest.init(EmployeeTest.java:39)
  4. -> at junitmockitowhenthenreturn.EmployeeTest.init(EmployeeTest.java:41)
  5. -> at junitmockitowhenthenreturn.EmployeeTest.init(EmployeeTest.java:45)
  6. -> at junitmockitowhenthenreturn.EmployeeTest.init(EmployeeTest.java:51)
Please remove unnecessary stubbings or use 'silent' option. More info: javadoc for UnnecessaryStubbingException class.
	at org.mockito.internal.runners.StrictRunner.run(StrictRunner.java:49)
	at org.mockito.junit.MockitoJUnitRunner.run(MockitoJUnitRunner.java:161)
	at org.apache.maven.surefire.junit4.JUnit4Provider.execute(JUnit4Provider.java:252)
	at org.apache.maven.surefire.junit4.JUnit4Provider.executeTestSet(JUnit4Provider.java:141)
	at org.apache.maven.surefire.junit4.JUnit4Provider.invoke(JUnit4Provider.java:112)
	at sun.reflect.NativeMethodAccessorImpl.invoke0(Native Method)
	at sun.reflect.NativeMethodAccessorImpl.invoke(NativeMethodAccessorImpl.java:62)
	at sun.reflect.DelegatingMethodAccessorImpl.invoke(DelegatingMethodAccessorImpl.java:43)
	at java.lang.reflect.Method.invoke(Method.java:498)
	at org.apache.maven.surefire.util.ReflectionUtils.invokeMethodWithArray(ReflectionUtils.java:189)
	at org.apache.maven.surefire.booter.ProviderFactory$ProviderProxy.invoke(ProviderFactory.java:165)
	at org.apache.maven.surefire.booter.ProviderFactory.invokeProvider(ProviderFactory.java:85)
	at org.apache.maven.surefire.booter.ForkedBooter.runSuitesInProcess(ForkedBooter.java:115)
	at org.apache.maven.surefire.booter.ForkedBooter.main(ForkedBooter.java:75)

